<?xml version="1.0" encoding="UTF-8"?>
<!-- Generated by org.testng.reporters.JUnitXMLReporter -->
<testsuite ignored="0" hostname="Chiki-PC" failures="0" tests="6" name="Default test" time="2.16" errors="0" timestamp="2023-04-19T10:35:58 WEST">
  <testcase classname="com.atsistemas.calculadora.controllers.CalculadoraControllerTest" name="divExitosa" time="1.508"/>
  <testcase classname="com.atsistemas.calculadora.controllers.CalculadoraControllerTest" name="multExitosa" time="0.039"/>
  <testcase classname="com.atsistemas.calculadora.controllers.CalculadoraControllerTest" name="operacionErronea" time="0.03"/>
  <testcase classname="com.atsistemas.calculadora.controllers.CalculadoraControllerTest" name="pathErroneo" time="0.044"/>
  <testcase classname="com.atsistemas.calculadora.controllers.CalculadoraControllerTest" name="restaExitosa" time="0.018"/>
  <testcase classname="com.atsistemas.calculadora.controllers.CalculadoraControllerTest" name="sumaExitosa" time="0.018"/>
</testsuite> <!-- Default test -->
