<?xml version="1.0" encoding="UTF-8"?>
<testng-results ignored="0" total="6" passed="6" failed="0" skipped="0">
  <reporter-output>
  </reporter-output>
  <suite started-at="2023-04-19T10:35:56 WEST" name="Default suite" finished-at="2023-04-19T10:35:58 WEST" duration-ms="2160">
    <groups>
    </groups>
    <test started-at="2023-04-19T10:35:56 WEST" name="Default test" finished-at="2023-04-19T10:35:58 WEST" duration-ms="2160">
      <class name="com.atsistemas.calculadora.controllers.CalculadoraControllerTest">
        <test-method is-config="true" signature="setup()[pri:0, instance:com.atsistemas.calculadora.controllers.CalculadoraControllerTest@5c30a9b0]" started-at="2023-04-19T10:35:56 WEST" name="setup" finished-at="2023-04-19T10:35:56 WEST" duration-ms="465" status="PASS">
          <reporter-output>
          </reporter-output>
        </test-method> <!-- setup -->
        <test-method signature="divExitosa()[pri:0, instance:com.atsistemas.calculadora.controllers.CalculadoraControllerTest@5c30a9b0]" started-at="2023-04-19T10:35:56 WEST" name="divExitosa" finished-at="2023-04-19T10:35:58 WEST" duration-ms="1508" status="PASS">
          <reporter-output>
          </reporter-output>
        </test-method> <!-- divExitosa -->
        <test-method signature="multExitosa()[pri:0, instance:com.atsistemas.calculadora.controllers.CalculadoraControllerTest@5c30a9b0]" started-at="2023-04-19T10:35:58 WEST" name="multExitosa" finished-at="2023-04-19T10:35:58 WEST" duration-ms="39" status="PASS">
          <reporter-output>
          </reporter-output>
        </test-method> <!-- multExitosa -->
        <test-method signature="operacionErronea()[pri:0, instance:com.atsistemas.calculadora.controllers.CalculadoraControllerTest@5c30a9b0]" started-at="2023-04-19T10:35:58 WEST" name="operacionErronea" finished-at="2023-04-19T10:35:58 WEST" duration-ms="30" status="PASS">
          <reporter-output>
          </reporter-output>
        </test-method> <!-- operacionErronea -->
        <test-method signature="pathErroneo()[pri:0, instance:com.atsistemas.calculadora.controllers.CalculadoraControllerTest@5c30a9b0]" started-at="2023-04-19T10:35:58 WEST" name="pathErroneo" finished-at="2023-04-19T10:35:58 WEST" duration-ms="44" status="PASS">
          <reporter-output>
          </reporter-output>
        </test-method> <!-- pathErroneo -->
        <test-method signature="restaExitosa()[pri:0, instance:com.atsistemas.calculadora.controllers.CalculadoraControllerTest@5c30a9b0]" started-at="2023-04-19T10:35:58 WEST" name="restaExitosa" finished-at="2023-04-19T10:35:58 WEST" duration-ms="18" status="PASS">
          <reporter-output>
          </reporter-output>
        </test-method> <!-- restaExitosa -->
        <test-method signature="sumaExitosa()[pri:0, instance:com.atsistemas.calculadora.controllers.CalculadoraControllerTest@5c30a9b0]" started-at="2023-04-19T10:35:58 WEST" name="sumaExitosa" finished-at="2023-04-19T10:35:58 WEST" duration-ms="18" status="PASS">
          <reporter-output>
          </reporter-output>
        </test-method> <!-- sumaExitosa -->
      </class> <!-- com.atsistemas.calculadora.controllers.CalculadoraControllerTest -->
    </test> <!-- Default test -->
  </suite> <!-- Default suite -->
</testng-results>
